<?xml version="1.0" encoding="UTF-8"?>
<testng-results ignored="0" total="1" passed="1" failed="0" skipped="0">
  <reporter-output>
  </reporter-output>
  <suite started-at="2021-01-21T15:19:34 IST" name="Suite" finished-at="2021-01-21T15:19:53 IST" duration-ms="19328">
    <groups>
    </groups>
    <test started-at="2021-01-21T15:19:34 IST" name="Test" finished-at="2021-01-21T15:19:53 IST" duration-ms="19328">
      <class name="test.TestCase1">
        <test-method is-config="true" signature="setup()[pri:0, instance:test.TestCase1@3315d2d7]" started-at="2021-01-21T15:19:34 IST" name="setup" finished-at="2021-01-21T15:19:40 IST" duration-ms="5835" status="PASS">
          <reporter-output>
          </reporter-output>
        </test-method> <!-- setup -->
        <test-method signature="search()[pri:0, instance:test.TestCase1@3315d2d7]" started-at="2021-01-21T15:19:40 IST" name="search" finished-at="2021-01-21T15:19:49 IST" duration-ms="9224" status="PASS">
          <reporter-output>
          </reporter-output>
        </test-method> <!-- search -->
        <test-method is-config="true" signature="tearDown()[pri:0, instance:test.TestCase1@3315d2d7]" started-at="2021-01-21T15:19:49 IST" name="tearDown" finished-at="2021-01-21T15:19:53 IST" duration-ms="4209" status="PASS">
          <reporter-output>
          </reporter-output>
        </test-method> <!-- tearDown -->
      </class> <!-- test.TestCase1 -->
    </test> <!-- Test -->
  </suite> <!-- Suite -->
</testng-results>
